2025-08-07 14:56:45.561: [INFO] VisibilityChanged: 0
2025-08-07 14:56:45.623: [INFO] RecordSyncInitDuration has_sync_been_enabled: 0 state: 0
2025-08-07 14:56:45.624: [INFO] RecordSyncInitDuration has_sync_been_enabled: 0 state: 0
2025-08-07 14:56:45.625: [INFO] RecordSyncInitDuration has_sync_been_enabled: 0 state: 0
2025-08-07 14:56:45.625: [INFO] RecordSyncInitDuration has_sync_been_enabled: 0 state: 0
2025-08-07 14:56:45.626: [INFO] RecordSyncInitDuration has_sync_been_enabled: 0 state: 0
2025-08-07 14:56:45.627: [INFO] RecordSyncInitDuration has_sync_been_enabled: 0 state: 0
2025-08-07 14:56:45.627: [INFO] RecordSyncInitDuration has_sync_been_enabled: 0 state: 0
2025-08-07 14:56:45.628: [INFO] RecordSyncInitDuration has_sync_been_enabled: 0 state: 0
2025-08-07 14:56:45.628: [INFO] RecordSyncInitDuration has_sync_been_enabled: 0 state: 0
2025-08-07 14:56:45.628: [INFO] RecordSyncInitDuration has_sync_been_enabled: 0 state: 0
2025-08-07 14:56:45.629: [INFO] RecordSyncInitDuration has_sync_been_enabled: 0 state: 0
2025-08-07 14:56:45.634: [INFO] BookmarkModelLoaded, ids_reassigned: 0
2025-08-07 14:56:45.634: [INFO] OnDoneLoading sync enabled: 0
2025-08-07 14:56:45.680: [INFO] RecordSyncInitDuration has_sync_been_enabled: 0 state: 0
2025-08-07 14:56:45.823: [INFO] RecordSyncInitDuration has_sync_been_enabled: 0 state: 3
2025-08-07 14:56:45.825: [INFO] Primary account changed.
2025-08-07 14:56:45.825: [INFO] OnPrimaryAccountChanged PrimaryAccountChangeEvent::Type::kSet
2025-08-07 14:56:45.827: [INFO] RecordSyncInitDuration has_sync_been_enabled: 0 state: 3
2025-08-07 14:56:45.939: [INFO] RecordSyncInitDuration has_sync_been_enabled: 0 state: 3
2025-08-07 14:56:48.195: [INFO] VisibilityChanged: 1
2025-08-07 14:56:48.407: [INFO] BookmarkNodeAdded, ABU: 0
2025-08-07 14:56:48.407: [INFO] BookmarkNodeAdded, ABU: 0
2025-08-07 14:56:48.407: [INFO] BookmarkNodeAdded, ABU: 0
2025-08-07 14:56:48.407: [INFO] BookmarkNodeAdded, ABU: 0
2025-08-07 14:56:48.407: [INFO] BookmarkNodeAdded, ABU: 0
2025-08-07 14:56:48.407: [INFO] BookmarkNodeAdded, ABU: 0
2025-08-07 14:56:48.407: [INFO] BookmarkNodeAdded, ABU: 0
2025-08-07 14:56:48.407: [INFO] BookmarkNodeAdded, ABU: 0
2025-08-07 14:56:48.407: [INFO] BookmarkNodeAdded, ABU: 0
2025-08-07 14:56:48.407: [INFO] BookmarkNodeAdded, ABU: 0
2025-08-07 14:56:48.408: [INFO] BookmarkNodeAdded, ABU: 0
2025-08-07 14:56:48.408: [INFO] BookmarkNodeAdded, ABU: 0
2025-08-07 14:56:48.408: [INFO] BookmarkNodeAdded, ABU: 0
2025-08-07 14:56:48.408: [INFO] BookmarkNodeAdded, ABU: 0
2025-08-07 14:56:48.408: [INFO] BookmarkNodeAdded, ABU: 0
2025-08-07 14:56:48.408: [INFO] BookmarkNodeAdded, ABU: 0
2025-08-07 14:56:48.408: [INFO] BookmarkNodeAdded, ABU: 0
2025-08-07 14:56:48.408: [INFO] BookmarkNodeAdded, ABU: 0
2025-08-07 14:56:48.408: [INFO] BookmarkNodeAdded, ABU: 0
2025-08-07 14:56:48.408: [INFO] BookmarkNodeAdded, ABU: 0
2025-08-07 14:56:48.408: [INFO] BookmarkNodeAdded, ABU: 0
2025-08-07 14:56:48.408: [INFO] BookmarkNodeAdded, ABU: 0
2025-08-07 14:56:48.408: [INFO] BookmarkNodeAdded, ABU: 0
2025-08-07 14:56:49.205: [INFO] Sync initialization duration: 3100ms
2025-08-07 15:01:20.242: [INFO] VisibilityChanged: 0
2025-08-07 15:35:22.404: [INFO] OnDoneLoading sync enabled: 1
2025-08-07 15:35:24.025: [INFO] Sync initialization duration: 1437ms
2025-08-07 15:35:43.389: [INFO] VisibilityChanged: 0
