{"logTime": "0807/145647", "correlationVector":"2Akdv4GohFnaZy4AjZwlme.1","action":"SyncServerConnectionManagerRequest", "result":"SYNC_SERVER_OK", "context":{"environment":"Prod_canadacentral_prod-s01-021-nam-canadacentral", "migrationStage":"NotStarted", "server":"akswtt10000001f"}}
{"logTime": "0807/145647", "correlationVector":"2Akdv4GohFnaZy4AjZwlme.2","action":"ProcessGetUpdates", "result":"Done", "context":{"dataType":"Encryption Keys", "deleted":"0", "process_failed_to_decrypt":"0", "process_pending_decryption":"0", "process_success":"1", "total":"1"}}
{"logTime": "0807/145647", "correlationVector":"Htkrgt3UKXbsQulzAz2nJv","action":"SyncServerConnectionManagerRequest", "result":"SYNC_SERVER_OK", "context":{"environment":"", "migrationStage":"", "server":""}}
{"logTime": "0807/145647", "correlationVector":"Htkrgt3UKXbsQulzAz2nJv.0","action":"EncryptionKeysFetcher.DownloadKeys:", "result":"Success", "context":Key count: 9, Last key timestamp: 2025-03-18T19:02:50Z}
{"logTime": "0807/145647", "correlationVector":"Htkrgt3UKXbsQulzAz2nJv.1","action":"EncryptionKeysManager::SetEncryptionKeys:", "result":"Success", "context":Key names[9]:[IYgX7vJR8cCX4AwwwqYE1RvNYDbkpfyRC2y16fyKiIQBrsntawrfsgVYjVBkDPNS37SEqKdzppmrw1R69rcdpg==][R4QPYRzZacSX2euLPX+G425/gmhX34MzIi7DlPwMMmn0iIOvzDMl1z6DAgfQloZ8Min+kL6pvma8jdAZ7moIsA==][AehmT9QAVBkyNSLaQ798eHO8p20IFw5JhKNV/oEC5pvmJpcPHfyx+ZgcXFy2vLxk2h55jxiW9KOy8yxpzOCG4A==][d1kg2xzgJACBURpMdk2AQMtNgl7+CUagHH5FUdqIEV0c0+bHVbyi5TjtZ2sGPT49c5WSncBp8YX2pQWZjvNUkg==][/phyP2QGe5NqGx1L2b6YzvfOs3MB1IQrGHVgVDbZwOE7fk6+Hy0H94v8JIk8/X1ijjozrREXICwWSkyhys1BfQ==][RVvqY+Dv13zzxmWv9uVpyWIpHtxa+BJy0eUQi9GvcLCpW+fQqRohdMXViDCKlXxBoBbxPLieFxT8CN04jfebHg==][UMIgIQIee3KhrSa8w3v+Lwzf9gL4Xj+2wgaxo9wew2XWzcLDYfHcugx6o9wlJfaEWExxLQf/v8JP5ppqGdPWwQ==][K+gFV6aUW/c0Q+sJJII+wiYC0O/zMr7LxDs7AD6wgrWg9ZJVzoIMe6qgSkgrePnLq4ALBD5srvX1StT27MuHAw==][KgdcyF7Ppk9U9lBFxaaDSqUIbKYXIUoSVbvWZ0Jxcyt7u86sR+WyVrOoBsMESD0BR6vMx+Sudyfe5pE7PytkyQ==]}
{"logTime": "0807/145647", "correlationVector":"Htkrgt3UKXbsQulzAz2nJv.2","action":"EncryptionKeysManager::SetEncryptionKeysWithTimestamps:", "result":"Success", "context":Key timestamps[9]:[2020-09-28T16:57:37Z][2021-09-23T10:20:24Z][2022-03-24T16:42:05Z][2022-09-26T01:09:15Z][2023-04-02T02:17:33Z][2023-11-06T18:25:31Z][2024-09-16T18:13:50Z][2024-09-16T22:15:07Z][2025-03-18T19:02:50Z]}
{"logTime": "0807/145647", "correlationVector":"2Akdv4GohFnaZy4AjZwlme","action":"Initial GetUpdates", "result":"", "context":Reason: NEW_CLIENT. cV=2Akdv4GohFnaZy4AjZwlme}
{"logTime": "0807/145647", "correlationVector":"2Akdv4GohFnaZy4AjZwlme.3","action":"GetUpdates Response", "result":"Success", "context":Received 1 update(s). cV=2Akdv4GohFnaZy4AjZwlme.0;server=akswtt10000001f;cloudType=Consumer;environment=Prod_canadacentral_prod-s01-021-nam-canadacentral;migrationStage=NotStarted}
{"logTime": "0807/145647", "correlationVector":"d3CA0qGIOPDAaGM9HwGzc5","action":"Initial GetUpdates", "result":"", "context":Reason: NEWLY_SUPPORTED_DATATYPE. cV=d3CA0qGIOPDAaGM9HwGzc5}
{"logTime": "0807/145648", "correlationVector":"d3CA0qGIOPDAaGM9HwGzc5.1","action":"SyncServerConnectionManagerRequest", "result":"SYNC_SERVER_OK", "context":{"environment":"Prod_canadacentral_prod-s01-021-nam-canadacentral", "migrationStage":"NotStarted", "server":"akswtt10000001j"}}
{"logTime": "0807/145648", "correlationVector":"d3CA0qGIOPDAaGM9HwGzc5.2","action":"ProcessGetUpdates", "result":"Done", "context":{"dataType":"Preferences", "deleted":"7", "process_failed_to_decrypt":"0", "process_pending_decryption":"0", "process_success":"101", "total":"101"}}
{"logTime": "0807/145648", "correlationVector":"d3CA0qGIOPDAaGM9HwGzc5.3","action":"ProcessGetUpdates", "result":"Done", "context":{"dataType":"Passwords", "deleted":"0", "process_failed_to_decrypt":"0", "process_pending_decryption":"0", "process_success":"75", "total":"75"}}
{"logTime": "0807/145648", "correlationVector":"d3CA0qGIOPDAaGM9HwGzc5.4","action":"ProcessGetUpdates", "result":"Done", "context":{"dataType":"Device Info", "deleted":"0", "process_failed_to_decrypt":"0", "process_pending_decryption":"0", "process_success":"44", "total":"44"}}
{"logTime": "0807/145648", "correlationVector":"d3CA0qGIOPDAaGM9HwGzc5.5","action":"GetUpdates Response", "result":"Success", "context":Received 220 update(s). cV=d3CA0qGIOPDAaGM9HwGzc5.0;server=akswtt10000001j;cloudType=Consumer;environment=Prod_canadacentral_prod-s01-021-nam-canadacentral;migrationStage=NotStarted}
{"logTime": "0807/145648", "correlationVector":"yL22fyaHBgzqF5fVTSZrTc","action":"Initial GetUpdates", "result":"", "context":Reason: NEWLY_SUPPORTED_DATATYPE. cV=yL22fyaHBgzqF5fVTSZrTc}
{"logTime": "0807/145648", "correlationVector":"yL22fyaHBgzqF5fVTSZrTc.1","action":"SyncServerConnectionManagerRequest", "result":"SYNC_SERVER_OK", "context":{"environment":"Prod_canadacentral_prod-s01-021-nam-canadacentral", "migrationStage":"NotStarted", "server":"akswtt10000000e"}}
{"logTime": "0807/145648", "correlationVector":"yL22fyaHBgzqF5fVTSZrTc.2","action":"ProcessGetUpdates", "result":"Done", "context":{"dataType":"Bookmarks", "deleted":"0", "process_failed_to_decrypt":"0", "process_pending_decryption":"0", "process_success":"28", "total":"28"}}
{"logTime": "0807/145648", "correlationVector":"yL22fyaHBgzqF5fVTSZrTc.3","action":"GetUpdates Response", "result":"Success", "context":Received 28 update(s). cV=yL22fyaHBgzqF5fVTSZrTc.0;server=akswtt10000000e;cloudType=Consumer;environment=Prod_canadacentral_prod-s01-021-nam-canadacentral;migrationStage=NotStarted}
{"logTime": "0807/145648", "correlationVector":"5AbjvhYDOZ+BXUXhsHn9yO","action":"Initial GetUpdates", "result":"", "context":Reason: NEWLY_SUPPORTED_DATATYPE. cV=5AbjvhYDOZ+BXUXhsHn9yO}
{"logTime": "0807/145648", "correlationVector":"5AbjvhYDOZ+BXUXhsHn9yO.1","action":"SyncServerConnectionManagerRequest", "result":"SYNC_SERVER_OK", "context":{"environment":"Prod_canadacentral_prod-s01-021-nam-canadacentral", "migrationStage":"NotStarted", "server":"akswtt10000000g"}}
{"logTime": "0807/145648", "correlationVector":"5AbjvhYDOZ+BXUXhsHn9yO.2","action":"ProcessGetUpdates", "result":"Done", "context":{"dataType":"Autofill Profiles", "deleted":"0", "process_failed_to_decrypt":"0", "process_pending_decryption":"0", "process_success":"10", "total":"10"}}
{"logTime": "0807/145648", "correlationVector":"5AbjvhYDOZ+BXUXhsHn9yO.3","action":"ProcessGetUpdates", "result":"Done", "context":{"dataType":"Autofill", "deleted":"0", "process_failed_to_decrypt":"0", "process_pending_decryption":"0", "process_success":"94", "total":"94"}}
{"logTime": "0807/145648", "correlationVector":"5AbjvhYDOZ+BXUXhsHn9yO.4","action":"ProcessGetUpdates", "result":"Done", "context":{"dataType":"Extensions", "deleted":"0", "process_failed_to_decrypt":"0", "process_pending_decryption":"0", "process_success":"1", "total":"1"}}
{"logTime": "0807/145648", "correlationVector":"5AbjvhYDOZ+BXUXhsHn9yO.5","action":"ProcessGetUpdates", "result":"Done", "context":{"dataType":"Sessions", "deleted":"124", "process_failed_to_decrypt":"0", "process_pending_decryption":"0", "process_success":"128", "total":"128"}}
{"logTime": "0807/145648", "correlationVector":"5AbjvhYDOZ+BXUXhsHn9yO.6","action":"ProcessGetUpdates", "result":"Done", "context":{"dataType":"Saved Tab Group", "deleted":"1", "process_failed_to_decrypt":"0", "process_pending_decryption":"0", "process_success":"3", "total":"3"}}
{"logTime": "0807/145648", "correlationVector":"5AbjvhYDOZ+BXUXhsHn9yO.7","action":"ProcessGetUpdates", "result":"Done", "context":{"dataType":"Collection", "deleted":"0", "process_failed_to_decrypt":"0", "process_pending_decryption":"0", "process_success":"1", "total":"1"}}
{"logTime": "0807/145648", "correlationVector":"5AbjvhYDOZ+BXUXhsHn9yO.8","action":"ProcessGetUpdates", "result":"Done", "context":{"dataType":"Edge Hub App Usage", "deleted":"2", "process_failed_to_decrypt":"0", "process_pending_decryption":"0", "process_success":"13", "total":"13"}}
{"logTime": "0807/145648", "correlationVector":"5AbjvhYDOZ+BXUXhsHn9yO.9","action":"GetUpdates Response", "result":"Success", "context":Received 250 update(s). cV=5AbjvhYDOZ+BXUXhsHn9yO.0;server=akswtt10000000g;cloudType=Consumer;environment=Prod_canadacentral_prod-s01-021-nam-canadacentral;migrationStage=NotStarted Some updates remain.}
{"logTime": "0807/145648", "correlationVector":"48WQ13XJ+bDWRpUb5VbKYA","action":"Initial GetUpdates", "result":"", "context":Reason: NEWLY_SUPPORTED_DATATYPE. cV=48WQ13XJ+bDWRpUb5VbKYA}
{"logTime": "0807/145649", "correlationVector":"48WQ13XJ+bDWRpUb5VbKYA.1","action":"SyncServerConnectionManagerRequest", "result":"SYNC_SERVER_OK", "context":{"environment":"Prod_canadacentral_prod-s01-021-nam-canadacentral", "migrationStage":"NotStarted", "server":"akswtt10000001i"}}
{"logTime": "0807/145649", "correlationVector":"48WQ13XJ+bDWRpUb5VbKYA.2","action":"ProcessGetUpdates", "result":"Done", "context":{"dataType":"Autofill", "deleted":"0", "process_failed_to_decrypt":"0", "process_pending_decryption":"0", "process_success":"3", "total":"3"}}
{"logTime": "0807/145649", "correlationVector":"48WQ13XJ+bDWRpUb5VbKYA.3","action":"ProcessGetUpdates", "result":"Done", "context":{"dataType":"Sessions", "deleted":"2", "process_failed_to_decrypt":"0", "process_pending_decryption":"0", "process_success":"31", "total":"31"}}
{"logTime": "0807/145649", "correlationVector":"48WQ13XJ+bDWRpUb5VbKYA.4","action":"ProcessGetUpdates", "result":"Done", "context":{"dataType":"Edge Hub App Usage", "deleted":"0", "process_failed_to_decrypt":"0", "process_pending_decryption":"0", "process_success":"11", "total":"11"}}
{"logTime": "0807/145649", "correlationVector":"48WQ13XJ+bDWRpUb5VbKYA.5","action":"GetUpdates Response", "result":"Success", "context":Received 45 update(s). cV=48WQ13XJ+bDWRpUb5VbKYA.0;server=akswtt10000001i;cloudType=Consumer;environment=Prod_canadacentral_prod-s01-021-nam-canadacentral;migrationStage=NotStarted}
{"logTime": "0807/145649", "correlationVector":"RtPyqvcToh2Fz2rCLwOObE","action":"Initial GetUpdates", "result":"", "context":Reason: NEWLY_SUPPORTED_DATATYPE. cV=RtPyqvcToh2Fz2rCLwOObE}
{"logTime": "0807/145649", "correlationVector":"RtPyqvcToh2Fz2rCLwOObE.1","action":"SyncServerConnectionManagerRequest", "result":"SYNC_SERVER_OK", "context":{"environment":"Prod_canadacentral_prod-s01-021-nam-canadacentral", "migrationStage":"NotStarted", "server":"akswtt10000001g"}}
{"logTime": "0807/145649", "correlationVector":"RtPyqvcToh2Fz2rCLwOObE.2","action":"ProcessGetUpdates", "result":"Done", "context":{"dataType":"History", "deleted":"0", "process_failed_to_decrypt":"0", "process_pending_decryption":"0", "process_success":"250", "total":"250"}}
{"logTime": "0807/145649", "correlationVector":"RtPyqvcToh2Fz2rCLwOObE.3","action":"GetUpdates Response", "result":"Success", "context":Received 250 update(s). cV=RtPyqvcToh2Fz2rCLwOObE.0;server=akswtt10000001g;cloudType=Consumer;environment=Prod_canadacentral_prod-s01-021-nam-canadacentral;migrationStage=NotStarted Some updates remain.}
{"logTime": "0807/145649", "correlationVector":"42P+YDxaXzXoXwDsMpZbTd","action":"Initial GetUpdates", "result":"", "context":Reason: NEWLY_SUPPORTED_DATATYPE. cV=42P+YDxaXzXoXwDsMpZbTd}
{"logTime": "0807/145650", "correlationVector":"42P+YDxaXzXoXwDsMpZbTd.1","action":"SyncServerConnectionManagerRequest", "result":"SYNC_SERVER_OK", "context":{"environment":"Prod_canadacentral_prod-s01-021-nam-canadacentral", "migrationStage":"NotStarted", "server":"akswtt10000000f"}}
{"logTime": "0807/145650", "correlationVector":"42P+YDxaXzXoXwDsMpZbTd.2","action":"ProcessGetUpdates", "result":"Done", "context":{"dataType":"History", "deleted":"0", "process_failed_to_decrypt":"0", "process_pending_decryption":"0", "process_success":"171", "total":"171"}}
{"logTime": "0807/145650", "correlationVector":"42P+YDxaXzXoXwDsMpZbTd.3","action":"GetUpdates Response", "result":"Success", "context":Received 171 update(s). cV=42P+YDxaXzXoXwDsMpZbTd.0;server=akswtt10000000f;cloudType=Consumer;environment=Prod_canadacentral_prod-s01-021-nam-canadacentral;migrationStage=NotStarted}
{"logTime": "0807/145650", "correlationVector":"lfiiKu5X95PuRTr4HWar8C","action":"Normal GetUpdate request", "result":"", "context":cV=lfiiKu5X95PuRTr4HWar8C
Nudged types: Passwords, Sessions, Device Info, User Consents
Refresh requested types: Bookmarks, Preferences, Passwords, Autofill Profiles, Autofill, Extensions, Sessions, Extension settings, History Delete Directives, Device Info, User Consents, Send Tab To Self, Web Apps, History, Saved Tab Group, WebAuthn Credentials, Collection, Edge E Drop, Edge Hub App Usage, Edge Wallet, Encryption Keys}
{"logTime": "0807/145650", "correlationVector":"lfiiKu5X95PuRTr4HWar8C.1","action":"SyncServerConnectionManagerRequest", "result":"SYNC_SERVER_OK", "context":{"environment":"Prod_canadacentral_prod-s01-021-nam-canadacentral", "migrationStage":"NotStarted", "server":"akswtt10000001i"}}
{"logTime": "0807/145650", "correlationVector":"lfiiKu5X95PuRTr4HWar8C.2","action":"GetUpdates Response", "result":"Success", "context":Received 0 update(s). cV=lfiiKu5X95PuRTr4HWar8C.0;server=akswtt10000001i;cloudType=Consumer;environment=Prod_canadacentral_prod-s01-021-nam-canadacentral;migrationStage=NotStarted}
{"logTime": "0807/145650", "correlationVector":"HE2Pxo8PI7v7ddHYl7ILid","action":"Commit Request", "result":"", "context":Item count: 7
Contributing types: Passwords, Sessions, Device Info, User Consents}
{"logTime": "0807/145651", "correlationVector":"HE2Pxo8PI7v7ddHYl7ILid.1","action":"SyncServerConnectionManagerRequest", "result":"SYNC_SERVER_OK", "context":{"environment":"Prod_canadacentral_prod-s01-021-nam-canadacentral", "migrationStage":"NotStarted", "server":"akswtt10000001f"}}
{"logTime": "0807/145651", "correlationVector":"HE2Pxo8PI7v7ddHYl7ILid.2","action":"Commit Response", "result":"Success", "context":Result: Success. cV=HE2Pxo8PI7v7ddHYl7ILid.0;server=akswtt10000001f;cloudType=Consumer;environment=Prod_canadacentral_prod-s01-021-nam-canadacentral;migrationStage=NotStarted}
{"logTime": "0807/145651", "correlationVector":"06qvm8UTFk/1zNFlqrRwpq","action":"Commit Request", "result":"", "context":Item count: 1
Contributing types: Edge Hub App Usage}
{"logTime": "0807/145651", "correlationVector":"06qvm8UTFk/1zNFlqrRwpq.1","action":"SyncServerConnectionManagerRequest", "result":"SYNC_SERVER_OK", "context":{"environment":"Prod_canadacentral_prod-s01-021-nam-canadacentral", "migrationStage":"NotStarted", "server":"akswtt10000001h"}}
{"logTime": "0807/145651", "correlationVector":"06qvm8UTFk/1zNFlqrRwpq.2","action":"Commit Response", "result":"Success", "context":Result: Success. cV=06qvm8UTFk/1zNFlqrRwpq.0;server=akswtt10000001h;cloudType=Consumer;environment=Prod_canadacentral_prod-s01-021-nam-canadacentral;migrationStage=NotStarted}
{"logTime": "0807/145745", "correlationVector":"vSQlMUnJ9JeaimwuFqY8Sc","action":"Commit Request", "result":"", "context":Item count: 6
Contributing types: Passwords, History}
{"logTime": "0807/145746", "correlationVector":"vSQlMUnJ9JeaimwuFqY8Sc.1","action":"SyncServerConnectionManagerRequest", "result":"SYNC_SERVER_OK", "context":{"environment":"Prod_canadacentral_prod-s01-021-nam-canadacentral", "migrationStage":"NotStarted", "server":"akswtt10000001h"}}
{"logTime": "0807/145746", "correlationVector":"vSQlMUnJ9JeaimwuFqY8Sc.2","action":"Commit Response", "result":"Success", "context":Result: Success. cV=vSQlMUnJ9JeaimwuFqY8Sc.0;server=akswtt10000001h;cloudType=Consumer;environment=Prod_canadacentral_prod-s01-021-nam-canadacentral;migrationStage=NotStarted}
{"logTime": "0807/145917", "correlationVector":"8lEWNUndexl3VcYvNaaFWB","action":"Normal GetUpdate request", "result":"", "context":cV=8lEWNUndexl3VcYvNaaFWB
Nudged types: Sessions
Notified types: History}
{"logTime": "0807/145918", "correlationVector":"8lEWNUndexl3VcYvNaaFWB.1","action":"SyncServerConnectionManagerRequest", "result":"SYNC_SERVER_OK", "context":{"environment":"Prod_canadacentral_prod-s01-021-nam-canadacentral", "migrationStage":"NotStarted", "server":"akswtt10000000e"}}
{"logTime": "0807/145918", "correlationVector":"8lEWNUndexl3VcYvNaaFWB.2","action":"ProcessGetUpdates", "result":"Done", "context":{"dataType":"Passwords", "deleted":"0", "process_failed_to_decrypt":"0", "process_pending_decryption":"0", "process_success":"7", "total":"7"}}
{"logTime": "0807/145918", "correlationVector":"8lEWNUndexl3VcYvNaaFWB.3","action":"ProcessGetUpdates", "result":"Done", "context":{"dataType":"Sessions", "deleted":"0", "process_failed_to_decrypt":"0", "process_pending_decryption":"0", "process_success":"3", "total":"3"}}
{"logTime": "0807/145918", "correlationVector":"8lEWNUndexl3VcYvNaaFWB.4","action":"ProcessGetUpdates", "result":"Done", "context":{"dataType":"Device Info", "deleted":"0", "process_failed_to_decrypt":"0", "process_pending_decryption":"0", "process_success":"1", "total":"1"}}
{"logTime": "0807/145918", "correlationVector":"8lEWNUndexl3VcYvNaaFWB.5","action":"ProcessGetUpdates", "result":"Done", "context":{"dataType":"History", "deleted":"0", "process_failed_to_decrypt":"0", "process_pending_decryption":"0", "process_success":"14", "total":"14"}}
{"logTime": "0807/145918", "correlationVector":"8lEWNUndexl3VcYvNaaFWB.6","action":"ProcessGetUpdates", "result":"Done", "context":{"dataType":"Edge Hub App Usage", "deleted":"0", "process_failed_to_decrypt":"0", "process_pending_decryption":"0", "process_success":"1", "total":"1"}}
{"logTime": "0807/145918", "correlationVector":"8lEWNUndexl3VcYvNaaFWB.7","action":"GetUpdates Response", "result":"Success", "context":Received 26 update(s). cV=8lEWNUndexl3VcYvNaaFWB.0;server=akswtt10000000e;cloudType=Consumer;environment=Prod_canadacentral_prod-s01-021-nam-canadacentral;migrationStage=NotStarted}
{"logTime": "0807/145918", "correlationVector":"HBShTx8pki74Y4c73gkrfX","action":"DoCompareDataConsistency requsted types: ", "result":"Bookmarks, Preferences, Passwords, Extensions, Extension settings, History Delete Directives, Send Tab To Self, Web Apps, History, Saved Tab Group, WebAuthn Credentials, Collection, Edge E Drop, Edge Wallet, Encryption Keys"}
{"logTime": "0807/145918", "correlationVector":"HBShTx8pki74Y4c73gkrfX.0","action":"CompareDataConsistency result: ", "result":"Compare result: Encryption Keys is consistent. local entities count is: 1 local entities hash is: /KGYgpDTtc9maiDOjK2agVIbkTo="}
{"logTime": "0807/145918", "correlationVector":"HBShTx8pki74Y4c73gkrfX.1","action":"CompareDataConsistency result: ", "result":"Compare result: Bookmarks is consistent. local entities count is: 23 local entities hash is: cNAQDDrdi4JDREZosmCU/H+AQT8="}
{"logTime": "0807/145918", "correlationVector":"HBShTx8pki74Y4c73gkrfX.2","action":"CompareDataConsistency result: ", "result":"Compare result: Preferences is consistent. local entities count is: 94 local entities hash is: dQudJnGuxtVBcgWKkXtuD/hkOtk="}
{"logTime": "0807/145918", "correlationVector":"HBShTx8pki74Y4c73gkrfX.3","action":"CompareDataConsistency result: ", "result":"Compare result: Extensions is consistent. local entities count is: 1 local entities hash is: 1xAAdBOBkqQWUNTZnVE3UrLrhvw="}
{"logTime": "0807/145918", "correlationVector":"HBShTx8pki74Y4c73gkrfX.4","action":"CompareDataConsistency result: ", "result":"Compare result: Extension settings is consistent. local entities count is: 0 local entities hash is: "}
{"logTime": "0807/145918", "correlationVector":"HBShTx8pki74Y4c73gkrfX.5","action":"CompareDataConsistency result: ", "result":"Compare result: History Delete Directives is consistent. local entities count is: 0 local entities hash is: "}
{"logTime": "0807/145918", "correlationVector":"HBShTx8pki74Y4c73gkrfX.6","action":"CompareDataConsistency result: ", "result":"Server did not send this Send Tab To Self local entities count is: 0 local entities hash is: "}
{"logTime": "0807/145918", "correlationVector":"HBShTx8pki74Y4c73gkrfX.7","action":"CompareDataConsistency result: ", "result":"Compare result: Web Apps is consistent. local entities count is: 0 local entities hash is: "}
{"logTime": "0807/145918", "correlationVector":"HBShTx8pki74Y4c73gkrfX.8","action":"CompareDataConsistency result: ", "result":"Server did not send this History local entities count is: 0 local entities hash is: "}
{"logTime": "0807/145918", "correlationVector":"HBShTx8pki74Y4c73gkrfX.9","action":"CompareDataConsistency result: ", "result":"Compare result: Saved Tab Group is consistent. local entities count is: 2 local entities hash is: SXISsNJTQxRgMBG5UxcX4YmNcBQ="}
{"logTime": "0807/145918", "correlationVector":"HBShTx8pki74Y4c73gkrfX.10","action":"CompareDataConsistency result: ", "result":"Server did not send this WebAuthn Credentials local entities count is: 0 local entities hash is: "}
{"logTime": "0807/145918", "correlationVector":"HBShTx8pki74Y4c73gkrfX.11","action":"CompareDataConsistency result: ", "result":"Compare result: Collection is consistent. local entities count is: 1 local entities hash is: 1+91IJM4VGb9c42garH6D8r1YMQ="}
{"logTime": "0807/145918", "correlationVector":"HBShTx8pki74Y4c73gkrfX.12","action":"CompareDataConsistency result: ", "result":"Compare result: Edge E Drop is consistent. local entities count is: 0 local entities hash is: "}
{"logTime": "0807/145918", "correlationVector":"HBShTx8pki74Y4c73gkrfX.13","action":"CompareDataConsistency result: ", "result":"Compare result: Edge Wallet is consistent. local entities count is: 0 local entities hash is: "}
{"logTime": "0807/145918", "correlationVector":"HBShTx8pki74Y4c73gkrfX.14","action":"CompareDataConsistency result: ", "result":"Compare result: Passwords is consistent. local entities count is: 75 local entities hash is: 52zmSGKYlSIWQfjSYOt29EmdtDU="}
{"logTime": "0807/145918", "correlationVector":"tONnTgIHy+L61oc//mwiM0","action":"Commit Request", "result":"", "context":Item count: 1
Contributing types: Sessions}
{"logTime": "0807/145918", "correlationVector":"tONnTgIHy+L61oc//mwiM0.1","action":"SyncServerConnectionManagerRequest", "result":"SYNC_SERVER_OK", "context":{"environment":"Prod_canadacentral_prod-s01-021-nam-canadacentral", "migrationStage":"NotStarted", "server":"akswtt10000001f"}}
{"logTime": "0807/145918", "correlationVector":"tONnTgIHy+L61oc//mwiM0.2","action":"Commit Response", "result":"Success", "context":Result: Success. cV=tONnTgIHy+L61oc//mwiM0.0;server=akswtt10000001f;cloudType=Consumer;environment=Prod_canadacentral_prod-s01-021-nam-canadacentral;migrationStage=NotStarted}
{"logTime": "0807/145918", "correlationVector":"","action":"DIAGNOSTIC_REQUEST|v1/diagnosticData/Diagnostic.SendCheckResult()|SUCCESS", "result":""}
{"logTime": "0807/153523", "correlationVector":"PJfJX4DeGJ3eOHW8u/jqP0.1","action":"SyncServerConnectionManagerRequest", "result":"SYNC_SERVER_OK", "context":{"environment":"Prod_canadacentral_prod-s01-021-nam-canadacentral", "migrationStage":"NotStarted", "server":"akswtt100000009"}}
{"logTime": "0807/153523", "correlationVector":"PJfJX4DeGJ3eOHW8u/jqP0.2","action":"ProcessGetUpdates", "result":"Done", "context":{"dataType":"Encryption Keys", "deleted":"0", "process_failed_to_decrypt":"0", "process_pending_decryption":"0", "process_success":"1", "total":"1"}}
{"logTime": "0807/153523", "correlationVector":"Z3/RX+zNa5f9wONQAwOsDg","action":"SyncServerConnectionManagerRequest", "result":"SYNC_SERVER_OK", "context":{"environment":"", "migrationStage":"", "server":""}}
{"logTime": "0807/153523", "correlationVector":"Z3/RX+zNa5f9wONQAwOsDg.0","action":"EncryptionKeysFetcher.DownloadKeys:", "result":"Success", "context":Key count: 9, Last key timestamp: 2025-03-18T19:02:50Z}
{"logTime": "0807/153523", "correlationVector":"Z3/RX+zNa5f9wONQAwOsDg.1","action":"EncryptionKeysManager::SetEncryptionKeys:", "result":"Success", "context":Key names[9]:[IYgX7vJR8cCX4AwwwqYE1RvNYDbkpfyRC2y16fyKiIQBrsntawrfsgVYjVBkDPNS37SEqKdzppmrw1R69rcdpg==][R4QPYRzZacSX2euLPX+G425/gmhX34MzIi7DlPwMMmn0iIOvzDMl1z6DAgfQloZ8Min+kL6pvma8jdAZ7moIsA==][AehmT9QAVBkyNSLaQ798eHO8p20IFw5JhKNV/oEC5pvmJpcPHfyx+ZgcXFy2vLxk2h55jxiW9KOy8yxpzOCG4A==][d1kg2xzgJACBURpMdk2AQMtNgl7+CUagHH5FUdqIEV0c0+bHVbyi5TjtZ2sGPT49c5WSncBp8YX2pQWZjvNUkg==][/phyP2QGe5NqGx1L2b6YzvfOs3MB1IQrGHVgVDbZwOE7fk6+Hy0H94v8JIk8/X1ijjozrREXICwWSkyhys1BfQ==][RVvqY+Dv13zzxmWv9uVpyWIpHtxa+BJy0eUQi9GvcLCpW+fQqRohdMXViDCKlXxBoBbxPLieFxT8CN04jfebHg==][UMIgIQIee3KhrSa8w3v+Lwzf9gL4Xj+2wgaxo9wew2XWzcLDYfHcugx6o9wlJfaEWExxLQf/v8JP5ppqGdPWwQ==][K+gFV6aUW/c0Q+sJJII+wiYC0O/zMr7LxDs7AD6wgrWg9ZJVzoIMe6qgSkgrePnLq4ALBD5srvX1StT27MuHAw==][KgdcyF7Ppk9U9lBFxaaDSqUIbKYXIUoSVbvWZ0Jxcyt7u86sR+WyVrOoBsMESD0BR6vMx+Sudyfe5pE7PytkyQ==]}
{"logTime": "0807/153523", "correlationVector":"Z3/RX+zNa5f9wONQAwOsDg.2","action":"EncryptionKeysManager::SetEncryptionKeysWithTimestamps:", "result":"Success", "context":Key timestamps[9]:[2020-09-28T16:57:37Z][2021-09-23T10:20:24Z][2022-03-24T16:42:05Z][2022-09-26T01:09:15Z][2023-04-02T02:17:33Z][2023-11-06T18:25:31Z][2024-09-16T18:13:50Z][2024-09-16T22:15:07Z][2025-03-18T19:02:50Z]}
{"logTime": "0807/153523", "correlationVector":"PJfJX4DeGJ3eOHW8u/jqP0","action":"Initial GetUpdates", "result":"", "context":Reason: NEW_CLIENT. cV=PJfJX4DeGJ3eOHW8u/jqP0}
{"logTime": "0807/153523", "correlationVector":"PJfJX4DeGJ3eOHW8u/jqP0.3","action":"GetUpdates Response", "result":"Success", "context":Received 1 update(s). cV=PJfJX4DeGJ3eOHW8u/jqP0.0;server=akswtt100000009;cloudType=Consumer;environment=Prod_canadacentral_prod-s01-021-nam-canadacentral;migrationStage=NotStarted}
{"logTime": "0807/153523", "correlationVector":"3YLyMOCd+lplJZBTLxmwZU","action":"Initial GetUpdates", "result":"", "context":Reason: NEWLY_SUPPORTED_DATATYPE. cV=3YLyMOCd+lplJZBTLxmwZU}
{"logTime": "0807/153524", "correlationVector":"3YLyMOCd+lplJZBTLxmwZU.1","action":"SyncServerConnectionManagerRequest", "result":"SYNC_SERVER_OK", "context":{"environment":"Prod_canadacentral_prod-s01-021-nam-canadacentral", "migrationStage":"NotStarted", "server":"akswtt10000000h"}}
{"logTime": "0807/153524", "correlationVector":"3YLyMOCd+lplJZBTLxmwZU.2","action":"ProcessGetUpdates", "result":"Done", "context":{"dataType":"Passwords", "deleted":"0", "process_failed_to_decrypt":"0", "process_pending_decryption":"0", "process_success":"75", "total":"75"}}
{"logTime": "0807/153524", "correlationVector":"3YLyMOCd+lplJZBTLxmwZU.3","action":"GetUpdates Response", "result":"Success", "context":Received 75 update(s). cV=3YLyMOCd+lplJZBTLxmwZU.0;server=akswtt10000000h;cloudType=Consumer;environment=Prod_canadacentral_prod-s01-021-nam-canadacentral;migrationStage=NotStarted}
{"logTime": "0807/153524", "correlationVector":"JqTzHgEWG9r72NWFKUXdOS","action":"Normal GetUpdate request", "result":"", "context":cV=JqTzHgEWG9r72NWFKUXdOS
Nudged types: Sessions, History
Refresh requested types: Bookmarks, Preferences, Passwords, Autofill Profiles, Autofill, Extensions, Sessions, Extension settings, History Delete Directives, Device Info, User Consents, Send Tab To Self, Web Apps, History, Saved Tab Group, WebAuthn Credentials, Collection, Edge E Drop, Edge Hub App Usage, Edge Wallet, Encryption Keys}
{"logTime": "0807/153524", "correlationVector":"JqTzHgEWG9r72NWFKUXdOS.1","action":"SyncServerConnectionManagerRequest", "result":"SYNC_SERVER_OK", "context":{"environment":"Prod_canadacentral_prod-s01-021-nam-canadacentral", "migrationStage":"NotStarted", "server":"akswtt100000001"}}
{"logTime": "0807/153524", "correlationVector":"JqTzHgEWG9r72NWFKUXdOS.2","action":"ProcessGetUpdates", "result":"Done", "context":{"dataType":"Preferences", "deleted":"3", "process_failed_to_decrypt":"0", "process_pending_decryption":"0", "process_success":"3", "total":"3"}}
{"logTime": "0807/153524", "correlationVector":"JqTzHgEWG9r72NWFKUXdOS.3","action":"ProcessGetUpdates", "result":"Done", "context":{"dataType":"Sessions", "deleted":"1", "process_failed_to_decrypt":"0", "process_pending_decryption":"0", "process_success":"3", "total":"3"}}
{"logTime": "0807/153524", "correlationVector":"JqTzHgEWG9r72NWFKUXdOS.4","action":"ProcessGetUpdates", "result":"Done", "context":{"dataType":"History", "deleted":"0", "process_failed_to_decrypt":"0", "process_pending_decryption":"0", "process_success":"4", "total":"4"}}
{"logTime": "0807/153524", "correlationVector":"JqTzHgEWG9r72NWFKUXdOS.5","action":"GetUpdates Response", "result":"Success", "context":Received 10 update(s). cV=JqTzHgEWG9r72NWFKUXdOS.0;server=akswtt100000001;cloudType=Consumer;environment=Prod_canadacentral_prod-s01-021-nam-canadacentral;migrationStage=NotStarted}
{"logTime": "0807/153531", "correlationVector":"BhDjJ1uIVuX3f2Y9S8boW2","action":"Commit Request", "result":"", "context":Item count: 5
Contributing types: Passwords, Sessions, History}
{"logTime": "0807/153532", "correlationVector":"BhDjJ1uIVuX3f2Y9S8boW2.1","action":"SyncServerConnectionManagerRequest", "result":"SYNC_SERVER_OK", "context":{"environment":"Prod_canadacentral_prod-s01-021-nam-canadacentral", "migrationStage":"NotStarted", "server":"akswtt10000001e"}}
{"logTime": "0807/153532", "correlationVector":"BhDjJ1uIVuX3f2Y9S8boW2.2","action":"Commit Response", "result":"Success", "context":Result: Success. cV=BhDjJ1uIVuX3f2Y9S8boW2.0;server=akswtt10000001e;cloudType=Consumer;environment=Prod_canadacentral_prod-s01-021-nam-canadacentral;migrationStage=NotStarted}
