2025-08-07 14:56:45.479: [INFO][Sync] Reset engine, reason: 8
2025-08-07 14:56:45.479: [INFO][Sync] Stopped: Bookmarks
2025-08-07 14:56:45.479: [INFO][Sync] Stopped: Preferences
2025-08-07 14:56:45.479: [INFO][Sync] Stopped: Passwords
2025-08-07 14:56:45.479: [INFO][Sync] Stopped: Autofill Profiles
2025-08-07 14:56:45.479: [INFO][Sync] Stopped: Autofill
2025-08-07 14:56:45.479: [INFO][Sync] Stopped: Extensions
2025-08-07 14:56:45.479: [INFO][Sync] Stopped: Sessions
2025-08-07 14:56:45.479: [INFO][Sync] Stopped: Extension settings
2025-08-07 14:56:45.479: [INFO][Sync] Stopped: History Delete Directives
2025-08-07 14:56:45.479: [INFO][Sync] Stopped: Device Info
2025-08-07 14:56:45.479: [INFO][Sync] Stopped: User Consents
2025-08-07 14:56:45.479: [INFO][Sync] Stopped: Send Tab To Self
2025-08-07 14:56:45.479: [INFO][Sync] Stopped: Web Apps
2025-08-07 14:56:45.479: [INFO][Sync] Stopped: History
2025-08-07 14:56:45.479: [INFO][Sync] Stopped: Saved Tab Group
2025-08-07 14:56:45.479: [INFO][Sync] Stopped: WebAuthn Credentials
2025-08-07 14:56:45.479: [INFO][Sync] Stopped: Collection
2025-08-07 14:56:45.479: [INFO][Sync] Stopped: Edge E Drop
2025-08-07 14:56:45.479: [INFO][Sync] Stopped: Edge Hub App Usage
2025-08-07 14:56:45.479: [INFO][Sync] Stopped: Edge Wallet
2025-08-07 14:56:45.479: [INFO][Sync] SyncState after authenticated was: NotSignedIn
2025-08-07 14:56:45.678: [INFO][Sync] Reset engine, reason: 8
2025-08-07 14:56:45.678: [INFO][Sync] Stopped: Bookmarks
2025-08-07 14:56:45.678: [INFO][Sync] Stopped: Preferences
2025-08-07 14:56:45.678: [INFO][Sync] Stopped: Passwords
2025-08-07 14:56:45.678: [INFO][Sync] Stopped: Autofill Profiles
2025-08-07 14:56:45.678: [INFO][Sync] Stopped: Autofill
2025-08-07 14:56:45.678: [INFO][Sync] Stopped: Extensions
2025-08-07 14:56:45.678: [INFO][Sync] Stopped: Sessions
2025-08-07 14:56:45.678: [INFO][Sync] Stopped: Extension settings
2025-08-07 14:56:45.678: [INFO][Sync] Stopped: History Delete Directives
2025-08-07 14:56:45.678: [INFO][Sync] Stopped: Device Info
2025-08-07 14:56:45.678: [INFO][Sync] Stopped: User Consents
2025-08-07 14:56:45.678: [INFO][Sync] Stopped: Send Tab To Self
2025-08-07 14:56:45.678: [INFO][Sync] Stopped: Web Apps
2025-08-07 14:56:45.678: [INFO][Sync] Stopped: History
2025-08-07 14:56:45.678: [INFO][Sync] Stopped: Saved Tab Group
2025-08-07 14:56:45.678: [INFO][Sync] Stopped: WebAuthn Credentials
2025-08-07 14:56:45.678: [INFO][Sync] Stopped: Collection
2025-08-07 14:56:45.678: [INFO][Sync] Stopped: Edge E Drop
2025-08-07 14:56:45.678: [INFO][Sync] Stopped: Edge Hub App Usage
2025-08-07 14:56:45.678: [INFO][Sync] Stopped: Edge Wallet
2025-08-07 14:56:45.835: [INFO][Sync] Try to start sync engine
2025-08-07 14:56:45.836: [INFO][SyncManagerImpl::NudgeForInitialDownload] Initial download nudge for Encryption Keys
2025-08-07 14:56:45.836: [INFO][SyncEngineBackend::LoadAndConnectNigoriController] Load and connect Nigori controller
2025-08-07 14:56:45.836: [INFO][SyncEngineBackend::DoInitialize] Control Types added: Encryption Keys
2025-08-07 14:56:45.836: [INFO][SyncManagerImpl::ConfigureSyncer] Types to download: Encryption Keys with reason: 3
2025-08-07 14:56:45.836: [INFO][SyncSchedulerImpl::DoConfigurationSyncCycleJob] Configure job was blocked
2025-08-07 14:56:45.938: [INFO][SyncAuthManager::SetLastAuthError] Current auth error: None
2025-08-07 14:56:45.938: [INFO][SyncAuthManager::EdgeLogTokenErrorState] Token error with: None for account type: MSA
2025-08-07 14:56:45.938: [INFO][Sync] Credentials changed for: EdgeSyncScopeNew
2025-08-07 14:56:46.721: [INFO][SyncAuthManager::SetLastAuthError] Current auth error: None
2025-08-07 14:56:46.721: [INFO][SyncAuthManager::EdgeLogTokenErrorState] Token error with: None for account type: MSA
2025-08-07 14:56:46.721: [INFO][Sync] Credentials changed for: EdgeSyncKeyDataScope
2025-08-07 14:56:46.721: [INFO][SyncEngineBackend::DoUpdateKeyDataCredentials] Update key data credentials
2025-08-07 14:56:46.721: [INFO][SyncEngineBackend::DoUpdateCredentials] Update credentials
2025-08-07 14:56:46.721: [INFO][SyncSchedulerImpl::DoConfigurationSyncCycleJob] Blocked types:  and types to download: Encryption Keys
2025-08-07 14:56:47.318: [INFO][Sync] Started DataTypeManager configuration, reason: 4
2025-08-07 14:56:47.318: [INFO][Sync] Configuring for: Bookmarks, Preferences, Passwords, Autofill Profiles, Autofill, Extensions, Sessions, Extension settings, History Delete Directives, Device Info, User Consents, Send Tab To Self, Web Apps, History, Saved Tab Group, WebAuthn Credentials, Collection, Edge E Drop, Edge Hub App Usage, Edge Wallet, Encryption Keys, reason: 3, current state: 0
2025-08-07 14:56:47.318: [WARN][Sync] Crypto error data types: Passwords, Autofill Profiles, Autofill
2025-08-07 14:56:47.319: [INFO][Sync] Configure, desired: Bookmarks, Preferences, Extensions, Sessions, Extension settings, History Delete Directives, Device Info, User Consents, Send Tab To Self, Web Apps, History, Saved Tab Group, WebAuthn Credentials, Collection, Edge E Drop, Edge Hub App Usage, Edge Wallet, Encryption Keys; Allow fail: Passwords, Autofill Profiles, Autofill
2025-08-07 14:56:47.319: [INFO][Sync] Loading: Bookmarks
2025-08-07 14:56:47.319: [INFO][Sync] Loading: Preferences
2025-08-07 14:56:47.319: [INFO][Sync] Loading: Extensions
2025-08-07 14:56:47.319: [INFO][Sync] Loading: Sessions
2025-08-07 14:56:47.319: [INFO][Sync] Loading: Extension settings
2025-08-07 14:56:47.319: [INFO][Sync] Loading: History Delete Directives
2025-08-07 14:56:47.319: [INFO][Sync] Loading: Device Info
2025-08-07 14:56:47.320: [INFO][Sync] Loading: User Consents
2025-08-07 14:56:47.320: [INFO][Sync] Loading: Send Tab To Self
2025-08-07 14:56:47.320: [INFO][Sync] Loading: Web Apps
2025-08-07 14:56:47.320: [INFO][Sync] Loading: History
2025-08-07 14:56:47.320: [INFO][Sync] Loading: Saved Tab Group
2025-08-07 14:56:47.320: [INFO][Sync] Loading: WebAuthn Credentials
2025-08-07 14:56:47.320: [INFO][Sync] Loading: Collection
2025-08-07 14:56:47.320: [INFO][Sync] Loading: Edge E Drop
2025-08-07 14:56:47.320: [INFO][Sync] Loading: Edge Hub App Usage
2025-08-07 14:56:47.320: [INFO][Sync] Loading: Edge Wallet
2025-08-07 14:56:47.324: [INFO][Sync] All data types are ready for configure.
2025-08-07 14:56:47.725: [INFO][Sync] Started DataTypeManager configuration, reason: 5
2025-08-07 14:56:47.726: [INFO][Sync] Configuring for: Bookmarks, Preferences, Passwords, Autofill Profiles, Autofill, Extensions, Sessions, Extension settings, History Delete Directives, Device Info, User Consents, Send Tab To Self, Web Apps, History, Saved Tab Group, WebAuthn Credentials, Collection, Edge E Drop, Edge Hub App Usage, Edge Wallet, Encryption Keys, reason: 5, current state: 1
2025-08-07 14:56:47.730: [INFO][SyncEngineBackend::DoStartConfiguration] Start configuration
2025-08-07 14:56:47.730: [INFO][SyncManagerImpl::NudgeForInitialDownload] Initial download nudge for Bookmarks
2025-08-07 14:56:47.730: [INFO][SyncManagerImpl::NudgeForInitialDownload] Initial download nudge for Preferences
2025-08-07 14:56:47.730: [INFO][SyncManagerImpl::NudgeForInitialDownload] Initial download nudge for Extensions
2025-08-07 14:56:47.730: [INFO][SyncManagerImpl::NudgeForInitialDownload] Initial download nudge for Sessions
2025-08-07 14:56:47.730: [INFO][SyncManagerImpl::NudgeForInitialDownload] Initial download nudge for Extension settings
2025-08-07 14:56:47.730: [INFO][SyncManagerImpl::NudgeForInitialDownload] Initial download nudge for History Delete Directives
2025-08-07 14:56:47.730: [INFO][SyncManagerImpl::NudgeForInitialDownload] Initial download nudge for Device Info
2025-08-07 14:56:47.730: [INFO][SyncManagerImpl::NudgeForInitialDownload] Initial download nudge for Send Tab To Self
2025-08-07 14:56:47.730: [INFO][SyncManagerImpl::NudgeForInitialDownload] Initial download nudge for Web Apps
2025-08-07 14:56:47.730: [INFO][SyncManagerImpl::NudgeForInitialDownload] Initial download nudge for History
2025-08-07 14:56:47.730: [INFO][SyncManagerImpl::NudgeForInitialDownload] Initial download nudge for Saved Tab Group
2025-08-07 14:56:47.730: [INFO][SyncManagerImpl::NudgeForInitialDownload] Initial download nudge for WebAuthn Credentials
2025-08-07 14:56:47.730: [INFO][SyncManagerImpl::NudgeForInitialDownload] Initial download nudge for Collection
2025-08-07 14:56:47.730: [INFO][SyncManagerImpl::NudgeForInitialDownload] Initial download nudge for Edge E Drop
2025-08-07 14:56:47.730: [INFO][SyncManagerImpl::NudgeForInitialDownload] Initial download nudge for Edge Hub App Usage
2025-08-07 14:56:47.730: [INFO][SyncManagerImpl::NudgeForInitialDownload] Initial download nudge for Edge Wallet
2025-08-07 14:56:47.730: [INFO][SyncManagerImpl::ConfigureSyncer] Types to download:  with reason: 3
2025-08-07 14:56:47.730: [INFO][SyncEngineBackend::DoFinishConfigureDataTypes] Failed to download types:  and succeeded types: 
2025-08-07 14:56:47.731: [INFO][Sync] ConfigurationDone, failed: , succeeded: , remaining count: 4
2025-08-07 14:56:47.731: [WARN][Sync]     Reconfigure requested while configuration ongoing.
2025-08-07 14:56:47.731: [INFO][Sync] Configuring for: Bookmarks, Preferences, Passwords, Autofill Profiles, Autofill, Extensions, Sessions, Extension settings, History Delete Directives, Device Info, User Consents, Send Tab To Self, Web Apps, History, Saved Tab Group, WebAuthn Credentials, Collection, Edge E Drop, Edge Hub App Usage, Edge Wallet, Encryption Keys, reason: 5, current state: 2
2025-08-07 14:56:47.731: [INFO][Sync] Configure, desired: Bookmarks, Preferences, Passwords, Autofill Profiles, Autofill, Extensions, Sessions, Extension settings, History Delete Directives, Device Info, User Consents, Send Tab To Self, Web Apps, History, Saved Tab Group, WebAuthn Credentials, Collection, Edge E Drop, Edge Hub App Usage, Edge Wallet, Encryption Keys; Allow fail: 
2025-08-07 14:56:47.731: [INFO][Sync] Loading: Passwords
2025-08-07 14:56:47.731: [INFO][Sync] Loading: Autofill Profiles
2025-08-07 14:56:47.731: [INFO][Sync] Loading: Autofill
2025-08-07 14:56:47.732: [INFO][Sync] All data types are ready for configure.
2025-08-07 14:56:47.732: [INFO][SyncManagerImpl::NudgeForInitialDownload] Initial download nudge for Passwords
2025-08-07 14:56:47.732: [INFO][SyncManagerImpl::NudgeForInitialDownload] Initial download nudge for Autofill Profiles
2025-08-07 14:56:47.732: [INFO][SyncManagerImpl::NudgeForInitialDownload] Initial download nudge for Autofill
2025-08-07 14:56:47.732: [INFO][SyncManagerImpl::ConfigureSyncer] Types to download:  with reason: 5
2025-08-07 14:56:47.732: [INFO][SyncEngineBackend::DoFinishConfigureDataTypes] Failed to download types:  and succeeded types: 
2025-08-07 14:56:47.732: [INFO][Sync] ConfigurationDone, failed: , succeeded: , remaining count: 4
2025-08-07 14:56:47.732: [INFO][Sync] Prepare to configure types: Preferences, Passwords, Device Info, Send Tab To Self, Edge E Drop, Encryption Keys
2025-08-07 14:56:47.732: [INFO][SyncManagerImpl::ConfigureSyncer] Types to download: Preferences, Passwords, Device Info, Send Tab To Self, Edge E Drop, Encryption Keys with reason: 5
2025-08-07 14:56:47.732: [INFO][SyncSchedulerImpl::DoConfigurationSyncCycleJob] Blocked types:  and types to download: Preferences, Passwords, Device Info, Send Tab To Self, Edge E Drop, Encryption Keys
2025-08-07 14:56:48.221: [INFO][SyncEngineBackend::DoFinishConfigureDataTypes] Failed to download types:  and succeeded types: Preferences, Passwords, Device Info, Send Tab To Self, Edge E Drop, Encryption Keys
2025-08-07 14:56:48.226: [INFO][Sync] ConfigurationDone, failed: , succeeded: Preferences, Passwords, Device Info, Send Tab To Self, Edge E Drop, Encryption Keys, remaining count: 3
2025-08-07 14:56:48.226: [INFO][Sync] Prepare to configure types: Bookmarks, Encryption Keys
2025-08-07 14:56:48.226: [INFO][SyncManagerImpl::ConfigureSyncer] Types to download: Bookmarks, Encryption Keys with reason: 5
2025-08-07 14:56:48.226: [INFO][SyncSchedulerImpl::DoConfigurationSyncCycleJob] Blocked types:  and types to download: Bookmarks, Encryption Keys
2025-08-07 14:56:48.414: [INFO][SyncEngineBackend::DoFinishConfigureDataTypes] Failed to download types:  and succeeded types: Bookmarks, Encryption Keys
2025-08-07 14:56:48.417: [INFO][Sync] ConfigurationDone, failed: , succeeded: Bookmarks, Encryption Keys, remaining count: 2
2025-08-07 14:56:48.417: [INFO][Sync] Prepare to configure types: Autofill Profiles, Autofill, Extensions, Sessions, Extension settings, History Delete Directives, Web Apps, Saved Tab Group, WebAuthn Credentials, Collection, Edge Hub App Usage, Edge Wallet, Encryption Keys
2025-08-07 14:56:48.417: [INFO][SyncManagerImpl::ConfigureSyncer] Types to download: Autofill Profiles, Autofill, Extensions, Sessions, Extension settings, History Delete Directives, Web Apps, Saved Tab Group, WebAuthn Credentials, Collection, Edge Hub App Usage, Edge Wallet, Encryption Keys with reason: 5
2025-08-07 14:56:48.417: [INFO][SyncSchedulerImpl::DoConfigurationSyncCycleJob] Blocked types:  and types to download: Autofill Profiles, Autofill, Extensions, Sessions, Extension settings, History Delete Directives, Web Apps, Saved Tab Group, WebAuthn Credentials, Collection, Edge Hub App Usage, Edge Wallet, Encryption Keys
2025-08-07 14:56:49.204: [INFO][SyncEngineBackend::DoFinishConfigureDataTypes] Failed to download types:  and succeeded types: Autofill Profiles, Autofill, Extensions, Sessions, Extension settings, History Delete Directives, Web Apps, Saved Tab Group, WebAuthn Credentials, Collection, Edge Hub App Usage, Edge Wallet, Encryption Keys
2025-08-07 14:56:49.205: [INFO][Sync] ConfigurationDone, failed: , succeeded: Autofill Profiles, Autofill, Extensions, Sessions, Extension settings, History Delete Directives, Web Apps, Saved Tab Group, WebAuthn Credentials, Collection, Edge Hub App Usage, Edge Wallet, Encryption Keys, remaining count: 1
2025-08-07 14:56:49.206: [INFO][Sync] Prepare to configure types: History, Encryption Keys
2025-08-07 14:56:49.206: [INFO][SyncManagerImpl::ConfigureSyncer] Types to download: History, Encryption Keys with reason: 5
2025-08-07 14:56:49.206: [INFO][SyncSchedulerImpl::DoConfigurationSyncCycleJob] Blocked types:  and types to download: History, Encryption Keys
2025-08-07 14:56:50.091: [INFO][SyncEngineBackend::DoFinishConfigureDataTypes] Failed to download types:  and succeeded types: History, Encryption Keys
2025-08-07 14:56:50.092: [INFO][Sync] ConfigurationDone, failed: , succeeded: History, Encryption Keys, remaining count: 0
2025-08-07 14:56:50.094: [INFO][Sync]     Configuration completed, state: 7
2025-08-07 14:56:50.094: [INFO][Sync] Configured DataTypeManager: Ok
2025-08-07 14:56:50.096: [INFO][SyncEngineBackend::DoStartSyncing] Start syncing
2025-08-07 15:01:20.365: [INFO][Sync] Reset engine, reason: 0
2025-08-07 15:01:20.365: [INFO][Sync] Reset engine with reason: 0
2025-08-07 15:35:22.247: [INFO][Sync] SyncState after authenticated was: FeatureCanStart
2025-08-07 15:35:22.539: [INFO][Sync] Try to start sync engine
2025-08-07 15:35:22.540: [INFO][SyncManagerImpl::NudgeForInitialDownload] Initial download nudge for Encryption Keys
2025-08-07 15:35:22.540: [INFO][SyncEngineBackend::LoadAndConnectNigoriController] Load and connect Nigori controller
2025-08-07 15:35:22.540: [INFO][SyncEngineBackend::DoInitialize] Control Types added: Encryption Keys
2025-08-07 15:35:22.540: [INFO][SyncManagerImpl::ConfigureSyncer] Types to download: Encryption Keys with reason: 3
2025-08-07 15:35:22.540: [INFO][SyncSchedulerImpl::DoConfigurationSyncCycleJob] Configure job was blocked
2025-08-07 15:35:22.584: [INFO][SyncAuthManager::SetLastAuthError] Current auth error: None
2025-08-07 15:35:22.584: [INFO][SyncAuthManager::EdgeLogTokenErrorState] Token error with: None for account type: MSA
2025-08-07 15:35:22.584: [INFO][Sync] Credentials changed for: EdgeSyncScopeNew
2025-08-07 15:35:23.225: [INFO][SyncAuthManager::SetLastAuthError] Current auth error: None
2025-08-07 15:35:23.225: [INFO][SyncAuthManager::EdgeLogTokenErrorState] Token error with: None for account type: MSA
2025-08-07 15:35:23.225: [INFO][Sync] Credentials changed for: EdgeSyncKeyDataScope
2025-08-07 15:35:23.225: [INFO][SyncEngineBackend::DoUpdateKeyDataCredentials] Update key data credentials
2025-08-07 15:35:23.225: [INFO][SyncEngineBackend::DoUpdateCredentials] Update credentials
2025-08-07 15:35:23.225: [INFO][SyncSchedulerImpl::DoConfigurationSyncCycleJob] Blocked types:  and types to download: Encryption Keys
2025-08-07 15:35:23.512: [INFO][Sync] Started DataTypeManager configuration, reason: 4
2025-08-07 15:35:23.512: [INFO][Sync] Configuring for: Bookmarks, Preferences, Passwords, Autofill Profiles, Autofill, Extensions, Sessions, Extension settings, History Delete Directives, Device Info, User Consents, Send Tab To Self, Web Apps, History, Saved Tab Group, WebAuthn Credentials, Collection, Edge E Drop, Edge Hub App Usage, Edge Wallet, Encryption Keys, reason: 4, current state: 0
2025-08-07 15:35:23.512: [WARN][Sync] Crypto error data types: Passwords, Autofill Profiles, Autofill
2025-08-07 15:35:23.514: [INFO][Sync] Configure, desired: Bookmarks, Preferences, Extensions, Sessions, Extension settings, History Delete Directives, Device Info, User Consents, Send Tab To Self, Web Apps, History, Saved Tab Group, WebAuthn Credentials, Collection, Edge E Drop, Edge Hub App Usage, Edge Wallet, Encryption Keys; Allow fail: Passwords, Autofill Profiles, Autofill
2025-08-07 15:35:23.514: [INFO][Sync] Loading: Bookmarks
2025-08-07 15:35:23.514: [INFO][Sync] Loading: Preferences
2025-08-07 15:35:23.514: [INFO][Sync] Loading: Extensions
2025-08-07 15:35:23.514: [INFO][Sync] Loading: Sessions
2025-08-07 15:35:23.514: [INFO][Sync] Loading: Extension settings
2025-08-07 15:35:23.514: [INFO][Sync] Loading: History Delete Directives
2025-08-07 15:35:23.514: [INFO][Sync] Loading: Device Info
2025-08-07 15:35:23.514: [INFO][Sync] Loading: User Consents
2025-08-07 15:35:23.514: [INFO][Sync] Loading: Send Tab To Self
2025-08-07 15:35:23.514: [INFO][Sync] Loading: Web Apps
2025-08-07 15:35:23.514: [INFO][Sync] Loading: History
2025-08-07 15:35:23.514: [INFO][Sync] Loading: Saved Tab Group
2025-08-07 15:35:23.514: [INFO][Sync] Loading: WebAuthn Credentials
2025-08-07 15:35:23.514: [INFO][Sync] Loading: Collection
2025-08-07 15:35:23.514: [INFO][Sync] Loading: Edge E Drop
2025-08-07 15:35:23.514: [INFO][Sync] Loading: Edge Hub App Usage
2025-08-07 15:35:23.514: [INFO][Sync] Loading: Edge Wallet
2025-08-07 15:35:23.520: [INFO][Sync] All data types are ready for configure.
2025-08-07 15:35:23.673: [INFO][SyncEngineBackend::DoStartConfiguration] Start configuration
2025-08-07 15:35:23.674: [INFO][SyncManagerImpl::ConfigureSyncer] Types to download:  with reason: 4
2025-08-07 15:35:23.674: [INFO][SyncEngineBackend::DoFinishConfigureDataTypes] Failed to download types:  and succeeded types: 
2025-08-07 15:35:23.674: [INFO][Sync] Started DataTypeManager configuration, reason: 5
2025-08-07 15:35:23.674: [INFO][Sync] Configuring for: Bookmarks, Preferences, Passwords, Autofill Profiles, Autofill, Extensions, Sessions, Extension settings, History Delete Directives, Device Info, User Consents, Send Tab To Self, Web Apps, History, Saved Tab Group, WebAuthn Credentials, Collection, Edge E Drop, Edge Hub App Usage, Edge Wallet, Encryption Keys, reason: 5, current state: 1
2025-08-07 15:35:23.676: [INFO][Sync] ConfigurationDone, failed: , succeeded: , remaining count: 4
2025-08-07 15:35:23.676: [WARN][Sync]     Reconfigure requested while configuration ongoing.
2025-08-07 15:35:23.676: [INFO][Sync] Configuring for: Bookmarks, Preferences, Passwords, Autofill Profiles, Autofill, Extensions, Sessions, Extension settings, History Delete Directives, Device Info, User Consents, Send Tab To Self, Web Apps, History, Saved Tab Group, WebAuthn Credentials, Collection, Edge E Drop, Edge Hub App Usage, Edge Wallet, Encryption Keys, reason: 5, current state: 2
2025-08-07 15:35:23.676: [INFO][Sync] Configure, desired: Bookmarks, Preferences, Passwords, Autofill Profiles, Autofill, Extensions, Sessions, Extension settings, History Delete Directives, Device Info, User Consents, Send Tab To Self, Web Apps, History, Saved Tab Group, WebAuthn Credentials, Collection, Edge E Drop, Edge Hub App Usage, Edge Wallet, Encryption Keys; Allow fail: 
2025-08-07 15:35:23.676: [INFO][Sync] Loading: Passwords
2025-08-07 15:35:23.676: [INFO][Sync] Loading: Autofill Profiles
2025-08-07 15:35:23.676: [INFO][Sync] Loading: Autofill
2025-08-07 15:35:23.676: [INFO][Sync] All data types are ready for configure.
2025-08-07 15:35:23.676: [INFO][SyncManagerImpl::NudgeForInitialDownload] Initial download nudge for Passwords
2025-08-07 15:35:23.676: [INFO][SyncManagerImpl::ConfigureSyncer] Types to download:  with reason: 5
2025-08-07 15:35:23.676: [INFO][SyncEngineBackend::DoFinishConfigureDataTypes] Failed to download types:  and succeeded types: 
2025-08-07 15:35:23.677: [INFO][Sync] ConfigurationDone, failed: , succeeded: , remaining count: 4
2025-08-07 15:35:23.677: [INFO][Sync] Prepare to configure types: Passwords, Encryption Keys
2025-08-07 15:35:23.677: [INFO][SyncManagerImpl::ConfigureSyncer] Types to download: Passwords, Encryption Keys with reason: 5
2025-08-07 15:35:23.677: [INFO][SyncSchedulerImpl::DoConfigurationSyncCycleJob] Blocked types:  and types to download: Passwords, Encryption Keys
2025-08-07 15:35:24.019: [INFO][SyncEngineBackend::DoFinishConfigureDataTypes] Failed to download types:  and succeeded types: Passwords, Encryption Keys
2025-08-07 15:35:24.021: [INFO][Sync] ConfigurationDone, failed: , succeeded: Passwords, Encryption Keys, remaining count: 3
2025-08-07 15:35:24.021: [INFO][SyncManagerImpl::ConfigureSyncer] Types to download:  with reason: 5
2025-08-07 15:35:24.021: [INFO][SyncEngineBackend::DoFinishConfigureDataTypes] Failed to download types:  and succeeded types: 
2025-08-07 15:35:24.021: [INFO][Sync] ConfigurationDone, failed: , succeeded: , remaining count: 2
2025-08-07 15:35:24.021: [INFO][SyncManagerImpl::ConfigureSyncer] Types to download:  with reason: 5
2025-08-07 15:35:24.021: [INFO][SyncEngineBackend::DoFinishConfigureDataTypes] Failed to download types:  and succeeded types: 
2025-08-07 15:35:24.024: [INFO][Sync] ConfigurationDone, failed: , succeeded: , remaining count: 1
2025-08-07 15:35:24.025: [INFO][SyncManagerImpl::ConfigureSyncer] Types to download:  with reason: 5
2025-08-07 15:35:24.025: [INFO][SyncEngineBackend::DoFinishConfigureDataTypes] Failed to download types:  and succeeded types: 
2025-08-07 15:35:24.025: [INFO][Sync] ConfigurationDone, failed: , succeeded: , remaining count: 0
2025-08-07 15:35:24.027: [INFO][Sync]     Configuration completed, state: 7
2025-08-07 15:35:24.027: [INFO][Sync] Configured DataTypeManager: Ok
2025-08-07 15:35:24.030: [INFO][SyncEngineBackend::DoStartSyncing] Start syncing
2025-08-07 15:35:43.492: [INFO][Sync] Reset engine, reason: 0
2025-08-07 15:35:43.492: [INFO][Sync] Reset engine with reason: 0
