[debug] [2025-08-07T14:43:04.726Z] ----------------------------------------------------------------------
[debug] [2025-08-07T14:43:04.728Z] Command:       C:\Program Files\nodejs\node.exe C:\Users\nafij\AppData\Roaming\npm\node_modules\firebase-tools\lib\bin\firebase.js deploy --only firestore:rules --debug
[debug] [2025-08-07T14:43:04.728Z] CLI Version:   14.9.0
[debug] [2025-08-07T14:43:04.728Z] Platform:      win32
[debug] [2025-08-07T14:43:04.728Z] Node Version:  v22.11.0
[debug] [2025-08-07T14:43:04.728Z] Time:          Thu Aug 07 2025 10:43:04 GMT-0400 (Eastern Daylight Saving Time)
[debug] [2025-08-07T14:43:04.728Z] ----------------------------------------------------------------------
[debug] 
[debug] [2025-08-07T14:43:04.864Z] Object "" in "firebase.json" has unknown property: {"additionalProperty":"flutter"}
[debug] [2025-08-07T14:43:04.868Z] > command requires scopes: ["email","openid","https://www.googleapis.com/auth/cloudplatformprojects.readonly","https://www.googleapis.com/auth/firebase","https://www.googleapis.com/auth/cloud-platform"]
[debug] [2025-08-07T14:43:04.869Z] > authorizing via signed-in user (nafijo123098@gmail.com)
[debug] [2025-08-07T14:43:04.869Z] [iam] checking project abiyeapp for permissions ["datastore.indexes.create","datastore.indexes.delete","datastore.indexes.list","datastore.indexes.update","firebase.projects.get"]
[debug] [2025-08-07T14:43:04.870Z] Checked if tokens are valid: true, expires at: 1754581371711
[debug] [2025-08-07T14:43:04.871Z] Checked if tokens are valid: true, expires at: 1754581371711
[debug] [2025-08-07T14:43:04.872Z] >>> [apiv2][query] POST https://cloudresourcemanager.googleapis.com/v1/projects/abiyeapp:testIamPermissions [none]
[debug] [2025-08-07T14:43:04.872Z] >>> [apiv2][(partial)header] POST https://cloudresourcemanager.googleapis.com/v1/projects/abiyeapp:testIamPermissions x-goog-quota-user=projects/abiyeapp
[debug] [2025-08-07T14:43:04.872Z] >>> [apiv2][body] POST https://cloudresourcemanager.googleapis.com/v1/projects/abiyeapp:testIamPermissions {"permissions":["datastore.indexes.create","datastore.indexes.delete","datastore.indexes.list","datastore.indexes.update","firebase.projects.get"]}
[debug] [2025-08-07T14:43:05.163Z] <<< [apiv2][status] POST https://cloudresourcemanager.googleapis.com/v1/projects/abiyeapp:testIamPermissions 200
[debug] [2025-08-07T14:43:05.163Z] <<< [apiv2][body] POST https://cloudresourcemanager.googleapis.com/v1/projects/abiyeapp:testIamPermissions {"permissions":["datastore.indexes.create","datastore.indexes.delete","datastore.indexes.list","datastore.indexes.update","firebase.projects.get"]}
[info] 
[info] === Deploying to 'abiyeapp'...
[info] 
[info] i  deploying firestore 
[info] i  firestore: reading indexes from firestore.indexes.json... 
[info] i  cloud.firestore: checking firestore.rules for compilation errors... 
[debug] [2025-08-07T14:43:05.167Z] Checked if tokens are valid: true, expires at: 1754581371711
[debug] [2025-08-07T14:43:05.167Z] Checked if tokens are valid: true, expires at: 1754581371711
[debug] [2025-08-07T14:43:05.167Z] >>> [apiv2][query] POST https://firebaserules.googleapis.com/v1/projects/abiyeapp:test [none]
[debug] [2025-08-07T14:43:05.168Z] >>> [apiv2][body] POST https://firebaserules.googleapis.com/v1/projects/abiyeapp:test [omitted]
[debug] [2025-08-07T14:43:05.336Z] <<< [apiv2][status] POST https://firebaserules.googleapis.com/v1/projects/abiyeapp:test 200
[debug] [2025-08-07T14:43:05.337Z] <<< [apiv2][body] POST https://firebaserules.googleapis.com/v1/projects/abiyeapp:test {}
[info] +  cloud.firestore: rules file firestore.rules compiled successfully 
[debug] [2025-08-07T14:43:05.339Z] Checked if tokens are valid: true, expires at: 1754581371711
[debug] [2025-08-07T14:43:05.339Z] Checked if tokens are valid: true, expires at: 1754581371711
[debug] [2025-08-07T14:43:05.339Z] >>> [apiv2][query] GET https://firestore.googleapis.com/v1/projects/abiyeapp/databases/(default) [none]
[debug] [2025-08-07T14:43:05.627Z] <<< [apiv2][status] GET https://firestore.googleapis.com/v1/projects/abiyeapp/databases/(default) 200
[debug] [2025-08-07T14:43:05.627Z] <<< [apiv2][body] GET https://firestore.googleapis.com/v1/projects/abiyeapp/databases/(default) {"name":"projects/abiyeapp/databases/(default)","uid":"6412ad34-a64e-4694-966e-43d4621fdf09","createTime":"2025-07-04T18:53:52.302129Z","updateTime":"2025-07-04T18:53:52.302129Z","locationId":"nam5","type":"FIRESTORE_NATIVE","concurrencyMode":"PESSIMISTIC","versionRetentionPeriod":"3600s","earliestVersionTime":"2025-08-07T13:43:05.613027Z","appEngineIntegrationMode":"DISABLED","keyPrefix":"s","pointInTimeRecoveryEnablement":"POINT_IN_TIME_RECOVERY_DISABLED","deleteProtectionState":"DELETE_PROTECTION_DISABLED","databaseEdition":"STANDARD","freeTier":true,"etag":"IKzRkc33+I4DMITutM3wo44D"}
[debug] [2025-08-07T14:43:05.628Z] Checked if tokens are valid: true, expires at: 1754581371711
[debug] [2025-08-07T14:43:05.629Z] Checked if tokens are valid: true, expires at: 1754581371711
[debug] [2025-08-07T14:43:05.629Z] >>> [apiv2][query] GET https://firebaserules.googleapis.com/v1/projects/abiyeapp/releases pageSize=10&pageToken=
[debug] [2025-08-07T14:43:05.799Z] <<< [apiv2][status] GET https://firebaserules.googleapis.com/v1/projects/abiyeapp/releases 200
[debug] [2025-08-07T14:43:05.799Z] <<< [apiv2][body] GET https://firebaserules.googleapis.com/v1/projects/abiyeapp/releases {"releases":[{"name":"projects/abiyeapp/releases/cloud.firestore","rulesetName":"projects/abiyeapp/rulesets/97b79820-5e9d-4e45-be31-6e6e6bdd7991","createTime":"2025-07-04T18:53:56.667715Z","updateTime":"2025-08-07T14:42:54.515659Z"}]}
[debug] [2025-08-07T14:43:05.800Z] Checked if tokens are valid: true, expires at: 1754581371711
[debug] [2025-08-07T14:43:05.800Z] Checked if tokens are valid: true, expires at: 1754581371711
[debug] [2025-08-07T14:43:05.801Z] >>> [apiv2][query] GET https://firebaserules.googleapis.com/v1/projects/abiyeapp/rulesets/97b79820-5e9d-4e45-be31-6e6e6bdd7991 [none]
[debug] [2025-08-07T14:43:05.966Z] <<< [apiv2][status] GET https://firebaserules.googleapis.com/v1/projects/abiyeapp/rulesets/97b79820-5e9d-4e45-be31-6e6e6bdd7991 200
[debug] [2025-08-07T14:43:05.966Z] <<< [apiv2][body] GET https://firebaserules.googleapis.com/v1/projects/abiyeapp/rulesets/97b79820-5e9d-4e45-be31-6e6e6bdd7991 [omitted]
[info] i  firestore: latest version of firestore.rules already up to date, skipping upload... 
[debug] [2025-08-07T14:43:05.968Z] [rules] releasing cloud.firestore/(default) with ruleset projects/abiyeapp/rulesets/97b79820-5e9d-4e45-be31-6e6e6bdd7991
[debug] [2025-08-07T14:43:05.968Z] Checked if tokens are valid: true, expires at: 1754581371711
[debug] [2025-08-07T14:43:05.968Z] Checked if tokens are valid: true, expires at: 1754581371711
[debug] [2025-08-07T14:43:05.969Z] >>> [apiv2][query] PATCH https://firebaserules.googleapis.com/v1/projects/abiyeapp/releases/cloud.firestore/(default) [none]
[debug] [2025-08-07T14:43:05.969Z] >>> [apiv2][body] PATCH https://firebaserules.googleapis.com/v1/projects/abiyeapp/releases/cloud.firestore/(default) {"release":{"name":"projects/abiyeapp/releases/cloud.firestore/(default)","rulesetName":"projects/abiyeapp/rulesets/97b79820-5e9d-4e45-be31-6e6e6bdd7991"}}
[debug] [2025-08-07T14:43:06.330Z] <<< [apiv2][status] PATCH https://firebaserules.googleapis.com/v1/projects/abiyeapp/releases/cloud.firestore/(default) 200
[debug] [2025-08-07T14:43:06.330Z] <<< [apiv2][body] PATCH https://firebaserules.googleapis.com/v1/projects/abiyeapp/releases/cloud.firestore/(default) {"name":"projects/abiyeapp/releases/cloud.firestore","rulesetName":"projects/abiyeapp/rulesets/97b79820-5e9d-4e45-be31-6e6e6bdd7991","createTime":"2025-07-04T18:53:56.667715Z","updateTime":"2025-08-07T14:43:06.282812Z"}
[debug] [2025-08-07T14:43:06.331Z] [rules] updated release projects/abiyeapp/releases/cloud.firestore
[info] +  firestore: released rules firestore.rules to cloud.firestore 
[info] 
[info] +  Deploy complete! 
[info] 
[info] Project Console: https://console.firebase.google.com/project/abiyeapp/overview
